<?xml version="1.0" encoding="UTF-8"?>
<!-- Generated by org.testng.reporters.JUnitReportReporter -->
<testsuite hostname="UTS-KOMAL" failures="0" tests="3" name="Selenium.DataProviderClass" time="0.043" errors="0" timestamp="2022-04-08T17:59:00 IST" skipped="0">
  <testcase classname="Selenium.DataProviderClass" name="DataProviderMethod" time="0.031"/>
  <system-out/>
  <testcase classname="Selenium.DataProviderClass" name="DataProviderMethod" time="0.005"/>
  <system-out/>
  <testcase classname="Selenium.DataProviderClass" name="DataProviderMethod" time="0.007"/>
  <system-out/>
</testsuite> <!-- Selenium.DataProviderClass -->
